------------------------------------------------------------------------------------------------------------------------

[2022-03-13 21:02:31 #1 store] 
Database 'C:\Users\hejba\Desktop\betandruin22\db\Register.odb' is opened by 12844@LAPTOP-9GAIOTJ7

[2022-03-13 21:02:31 #2 store] 
Configuration path: ?

[2022-03-13 21:02:31 #3 type] 
Type Users.User is not enhanced.

[2022-03-13 21:02:31 #4 store] 
Database 'C:\Users\hejba\Desktop\betandruin22\db\bets.temp' is opened by 12844@LAPTOP-9GAIOTJ7

[2022-03-13 21:02:31 #5 store] 
Configuration path: ?

[2022-03-13 21:02:31 #6 type] 
Type domain.Question is not enhanced.

[2022-03-13 21:02:31 #7 type] 
Type domain.Event is not enhanced.

------------------------------------------------------------------------------------------------------------------------

[2022-03-13 21:04:37 #1 store] 
Database 'C:\Users\hejba\Desktop\betandruin22\db\Register.odb' is opened by 25268@LAPTOP-9GAIOTJ7

[2022-03-13 21:04:37 #2 store] 
Configuration path: ?

[2022-03-13 21:04:37 #3 type] 
Type Users.User is not enhanced.

[2022-03-13 21:04:37 #4 store] 
Database 'C:\Users\hejba\Desktop\betandruin22\db\bets.temp' is opened by 25268@LAPTOP-9GAIOTJ7

[2022-03-13 21:04:37 #5 store] 
Configuration path: ?

[2022-03-13 21:04:37 #6 type] 
Type domain.Question is not enhanced.

[2022-03-13 21:04:37 #7 type] 
Type domain.Event is not enhanced.

------------------------------------------------------------------------------------------------------------------------

[2022-03-13 21:05:33 #1 store] 
Database 'C:\Users\hejba\Desktop\betandruin22\db\Register.odb' is opened by 16796@LAPTOP-9GAIOTJ7

[2022-03-13 21:05:33 #2 store] 
Configuration path: ?

[2022-03-13 21:05:33 #3 type] 
Type Users.User is not enhanced.

[2022-03-13 21:05:33 #4 type] 
Type domain.User is not enhanced.

------------------------------------------------------------------------------------------------------------------------

[2022-03-13 21:12:40 #1 store] 
Database 'C:\Users\hejba\Desktop\betandruin22\db\Register.odb' has been recovered (tr. 28-28)

[2022-03-13 21:12:40 #2 store] 
Database 'C:\Users\hejba\Desktop\betandruin22\db\Register.odb' is opened by 5096@LAPTOP-9GAIOTJ7

[2022-03-13 21:12:40 #3 store] 
Configuration path: ?

[2022-03-13 21:12:40 #4 type] 
Type Users.User is not enhanced.

[2022-03-13 21:12:40 #5 type] 
Type domain.User is not enhanced.

[2022-03-13 21:12:40 #6 type] 
Type domain.Users is not enhanced.

------------------------------------------------------------------------------------------------------------------------

[2022-03-13 21:15:02 #1 store] 
Database 'C:\Users\hejba\Desktop\betandruin22\db\Register.odb' is opened by 7504@LAPTOP-9GAIOTJ7

[2022-03-13 21:15:02 #2 store] 
Configuration path: ?

[2022-03-13 21:15:02 #3 type] 
Type domain.Users is not enhanced.

------------------------------------------------------------------------------------------------------------------------

[2022-03-13 21:17:16 #1 store] 
Database 'C:\Users\hejba\Desktop\betandruin22\db\Register.odb' is opened by 19740@LAPTOP-9GAIOTJ7

[2022-03-13 21:17:16 #2 store] 
Configuration path: ?

[2022-03-13 21:17:16 #3 type] 
Type domain.Users is not enhanced.

------------------------------------------------------------------------------------------------------------------------

[2022-03-13 21:19:31 #1 store] 
Database 'C:\Users\hejba\Desktop\betandruin22\db\Register.odb' is opened by 11444@LAPTOP-9GAIOTJ7

[2022-03-13 21:19:31 #2 store] 
Configuration path: ?

[2022-03-13 21:19:32 #3 type] 
Type domain.Users is not enhanced.

------------------------------------------------------------------------------------------------------------------------

[2022-03-13 21:22:08 #1 store] 
Database 'C:\Users\hejba\Desktop\betandruin22\db\Register.odb' is opened by 14908@LAPTOP-9GAIOTJ7

[2022-03-13 21:22:08 #2 store] 
Configuration path: ?

[2022-03-13 21:22:08 #3 type] 
Type domain.Users is not enhanced.

------------------------------------------------------------------------------------------------------------------------

[2022-03-13 21:22:49 #1 store] 
Database 'C:\Users\hejba\Desktop\betandruin22\db\Register.odb' is opened by 21888@LAPTOP-9GAIOTJ7

[2022-03-13 21:22:49 #2 store] 
Configuration path: ?

[2022-03-13 21:22:49 #3 type] 
Type domain.Users is not enhanced.

[2022-03-13 21:22:52 #4 store] 
Database 'C:\Users\hejba\Desktop\betandruin22\db\bets.temp' is opened by 21888@LAPTOP-9GAIOTJ7

[2022-03-13 21:22:52 #5 store] 
Configuration path: ?

[2022-03-13 21:22:52 #6 type] 
Type domain.Question is not enhanced.

[2022-03-13 21:22:52 #7 type] 
Type domain.Event is not enhanced.

------------------------------------------------------------------------------------------------------------------------

[2022-03-13 21:23:36 #1 store] 
Database 'C:\Users\hejba\Desktop\betandruin22\db\Register.odb' has been recovered (tr. 4-4)

[2022-03-13 21:23:36 #2 store] 
Database 'C:\Users\hejba\Desktop\betandruin22\db\Register.odb' is opened by 16736@LAPTOP-9GAIOTJ7

[2022-03-13 21:23:36 #3 store] 
Configuration path: ?

[2022-03-13 21:23:36 #4 type] 
Type domain.Users is not enhanced.

------------------------------------------------------------------------------------------------------------------------

[2022-03-13 21:24:33 #1 store] 
Database 'C:\Users\hejba\Desktop\betandruin22\db\Register.odb' is opened by 17100@LAPTOP-9GAIOTJ7

[2022-03-13 21:24:33 #2 store] 
Configuration path: ?

[2022-03-13 21:24:33 #3 type] 
Type domain.Users is not enhanced.

[2022-03-13 21:24:33 #4 store] 
Database 'C:\Users\hejba\Desktop\betandruin22\db\bets.temp' is opened by 17100@LAPTOP-9GAIOTJ7

[2022-03-13 21:24:33 #5 store] 
Configuration path: ?

[2022-03-13 21:24:33 #6 type] 
Type domain.Question is not enhanced.

[2022-03-13 21:24:33 #7 type] 
Type domain.Event is not enhanced.

------------------------------------------------------------------------------------------------------------------------

[2022-03-13 21:25:23 #1 store] 
Database 'C:\Users\hejba\Desktop\betandruin22\db\Register.odb' is opened by 4048@LAPTOP-9GAIOTJ7

[2022-03-13 21:25:23 #2 store] 
Configuration path: ?

[2022-03-13 21:25:23 #3 type] 
Type domain.Users is not enhanced.

------------------------------------------------------------------------------------------------------------------------

[2022-03-13 21:25:37 #1 store] 
Database 'C:\Users\hejba\Desktop\betandruin22\db\Register.odb' has been recovered (tr. 7-7)

[2022-03-13 21:25:37 #2 store] 
Database 'C:\Users\hejba\Desktop\betandruin22\db\Register.odb' is opened by 16168@LAPTOP-9GAIOTJ7

[2022-03-13 21:25:37 #3 store] 
Configuration path: ?

[2022-03-13 21:25:37 #4 type] 
Type domain.Users is not enhanced.

[2022-03-13 21:25:37 #5 store] 
Database 'C:\Users\hejba\Desktop\betandruin22\db\bets.temp' is opened by 16168@LAPTOP-9GAIOTJ7

[2022-03-13 21:25:37 #6 store] 
Configuration path: ?

[2022-03-13 21:25:38 #7 type] 
Type domain.Question is not enhanced.

[2022-03-13 21:25:38 #8 type] 
Type domain.Event is not enhanced.

------------------------------------------------------------------------------------------------------------------------

[2022-03-13 21:26:09 #1 store] 
Database 'C:\Users\hejba\Desktop\betandruin22\db\Register.odb' is opened by 13800@LAPTOP-9GAIOTJ7

[2022-03-13 21:26:09 #2 store] 
Configuration path: ?

[2022-03-13 21:26:09 #3 type] 
Type domain.Users is not enhanced.

------------------------------------------------------------------------------------------------------------------------

[2022-03-13 21:27:05 #1 store] 
Database 'C:\Users\hejba\Desktop\betandruin22\db\Register.odb' is opened by 20708@LAPTOP-9GAIOTJ7

[2022-03-13 21:27:05 #2 store] 
Configuration path: ?

[2022-03-13 21:27:05 #3 type] 
Type domain.Users is not enhanced.

[2022-03-13 21:27:05 #4 store] 
Database 'C:\Users\hejba\Desktop\betandruin22\db\bets.temp' is opened by 20708@LAPTOP-9GAIOTJ7

[2022-03-13 21:27:05 #5 store] 
Configuration path: ?

[2022-03-13 21:27:05 #6 type] 
Type domain.Question is not enhanced.

[2022-03-13 21:27:05 #7 type] 
Type domain.Event is not enhanced.

------------------------------------------------------------------------------------------------------------------------

[2022-03-13 21:27:35 #1 store] 
Database 'C:\Users\hejba\Desktop\betandruin22\db\Register.odb' is opened by 3936@LAPTOP-9GAIOTJ7

[2022-03-13 21:27:35 #2 store] 
Configuration path: ?

[2022-03-13 21:27:35 #3 type] 
Type domain.Users is not enhanced.

[2022-03-13 21:27:36 #4 store] 
Database 'C:\Users\hejba\Desktop\betandruin22\db\bets.temp' is opened by 3936@LAPTOP-9GAIOTJ7

[2022-03-13 21:27:36 #5 store] 
Configuration path: ?

[2022-03-13 21:27:36 #6 type] 
Type domain.Question is not enhanced.

[2022-03-13 21:27:36 #7 type] 
Type domain.Event is not enhanced.

------------------------------------------------------------------------------------------------------------------------

[2022-03-13 21:28:22 #1 store] 
Database 'C:\Users\hejba\Desktop\betandruin22\db\Register.odb' is opened by 6464@LAPTOP-9GAIOTJ7

[2022-03-13 21:28:22 #2 store] 
Configuration path: ?

[2022-03-13 21:28:22 #3 type] 
Type domain.Users is not enhanced.

[2022-03-13 21:28:23 #4 store] 
Database 'C:\Users\hejba\Desktop\betandruin22\db\bets.temp' is opened by 6464@LAPTOP-9GAIOTJ7

[2022-03-13 21:28:23 #5 store] 
Configuration path: ?

[2022-03-13 21:28:23 #6 type] 
Type domain.Question is not enhanced.

[2022-03-13 21:28:23 #7 type] 
Type domain.Event is not enhanced.

------------------------------------------------------------------------------------------------------------------------

[2022-03-13 21:29:25 #1 store] 
Database 'C:\Users\hejba\Desktop\betandruin22\db\Register.odb' is opened by 17600@LAPTOP-9GAIOTJ7

[2022-03-13 21:29:25 #2 store] 
Configuration path: ?

[2022-03-13 21:29:25 #3 type] 
Type domain.Users is not enhanced.

[2022-03-13 21:29:25 #4 store] 
Database 'C:\Users\hejba\Desktop\betandruin22\db\bets.temp' is opened by 17600@LAPTOP-9GAIOTJ7

[2022-03-13 21:29:25 #5 store] 
Configuration path: ?

[2022-03-13 21:29:25 #6 type] 
Type domain.Question is not enhanced.

[2022-03-13 21:29:25 #7 type] 
Type domain.Event is not enhanced.

