------------------------------------------------------------------------------------------------------------------------

[2022-03-12 20:43:36 #1 store] 
Database 'C:\Users\d\Desktop\betandruin22\db\Register.odb' is opened by 8492@Aker2302

[2022-03-12 20:43:36 #2 store] 
Configuration path: ?

[2022-03-12 20:43:36 #3 type] 
Type Users.User is not enhanced.

[2022-03-12 20:43:37 #4 store] 
Database 'C:\Users\d\Desktop\betandruin22\db\bets.temp' is opened by 8492@Aker2302

[2022-03-12 20:43:37 #5 store] 
Configuration path: ?

[2022-03-12 20:43:37 #6 type] 
Type domain.Question is not enhanced.

[2022-03-12 20:43:37 #7 type] 
Type domain.Event is not enhanced.

------------------------------------------------------------------------------------------------------------------------

[2022-03-12 20:48:56 #1 store] 
Database 'C:\Users\d\Desktop\betandruin22\db\Register.odb' is opened by 4872@Aker2302

[2022-03-12 20:48:56 #2 store] 
Configuration path: ?

[2022-03-12 20:48:56 #3 type] 
Type Users.User is not enhanced.

[2022-03-12 20:48:56 #4 store] 
Database 'C:\Users\d\Desktop\betandruin22\db\bets.temp' is opened by 4872@Aker2302

[2022-03-12 20:48:56 #5 store] 
Configuration path: ?

[2022-03-12 20:48:56 #6 type] 
Type domain.Question is not enhanced.

[2022-03-12 20:48:56 #7 type] 
Type domain.Event is not enhanced.

------------------------------------------------------------------------------------------------------------------------

[2022-03-12 20:49:50 #1 store] 
Database 'C:\Users\d\Desktop\betandruin22\db\Register.odb' is opened by 2984@Aker2302

[2022-03-12 20:49:50 #2 store] 
Configuration path: ?

[2022-03-12 20:49:50 #3 type] 
Type Users.User is not enhanced.

[2022-03-12 20:49:50 #4 store] 
Database 'C:\Users\d\Desktop\betandruin22\db\bets.temp' is opened by 2984@Aker2302

[2022-03-12 20:49:50 #5 store] 
Configuration path: ?

[2022-03-12 20:49:50 #6 type] 
Type domain.Question is not enhanced.

[2022-03-12 20:49:50 #7 type] 
Type domain.Event is not enhanced.

------------------------------------------------------------------------------------------------------------------------

[2022-03-12 21:53:48 #1 store] 
Database 'C:\Users\d\Desktop\betandruin22\db\Register.odb' is opened by 8120@Aker2302

[2022-03-12 21:53:48 #2 store] 
Configuration path: ?

[2022-03-12 21:53:48 #3 type] 
Type Users.User is not enhanced.

[2022-03-12 21:53:49 #4 store] 
Database 'C:\Users\d\Desktop\betandruin22\db\bets.temp' is opened by 8120@Aker2302

[2022-03-12 21:53:49 #5 store] 
Configuration path: ?

[2022-03-12 21:53:49 #6 type] 
Type domain.Question is not enhanced.

[2022-03-12 21:53:49 #7 type] 
Type domain.Event is not enhanced.

------------------------------------------------------------------------------------------------------------------------

[2022-03-12 22:02:17 #1 store] 
Database 'C:\Users\d\Desktop\betandruin22\db\Register.odb' is opened by 6860@Aker2302

[2022-03-12 22:02:17 #2 store] 
Configuration path: ?

[2022-03-12 22:02:17 #3 type] 
Type Users.User is not enhanced.

[2022-03-12 22:02:18 #4 store] 
Database 'C:\Users\d\Desktop\betandruin22\db\bets.temp' is opened by 6860@Aker2302

[2022-03-12 22:02:18 #5 store] 
Configuration path: ?

[2022-03-12 22:02:18 #6 type] 
Type domain.Question is not enhanced.

[2022-03-12 22:02:18 #7 type] 
Type domain.Event is not enhanced.

------------------------------------------------------------------------------------------------------------------------

[2022-03-12 22:04:33 #1 store] 
Database 'C:\Users\d\Desktop\betandruin22\db\Register.odb' is opened by 8080@Aker2302

[2022-03-12 22:04:33 #2 store] 
Configuration path: ?

[2022-03-12 22:04:33 #3 type] 
Type Users.User is not enhanced.

[2022-03-12 22:04:33 #4 store] 
Database 'C:\Users\d\Desktop\betandruin22\db\bets.temp' is opened by 8080@Aker2302

[2022-03-12 22:04:33 #5 store] 
Configuration path: ?

[2022-03-12 22:04:33 #6 type] 
Type domain.Question is not enhanced.

[2022-03-12 22:04:33 #7 type] 
Type domain.Event is not enhanced.

------------------------------------------------------------------------------------------------------------------------

[2022-03-12 22:07:17 #1 store] 
Database 'C:\Users\d\Desktop\betandruin22\db\Register.odb' is opened by 516@Aker2302

[2022-03-12 22:07:17 #2 store] 
Configuration path: ?

[2022-03-12 22:07:17 #3 type] 
Type Users.User is not enhanced.

[2022-03-12 22:07:17 #4 store] 
Database 'C:\Users\d\Desktop\betandruin22\db\bets.temp' is opened by 516@Aker2302

[2022-03-12 22:07:17 #5 store] 
Configuration path: ?

[2022-03-12 22:07:17 #6 type] 
Type domain.Question is not enhanced.

[2022-03-12 22:07:17 #7 type] 
Type domain.Event is not enhanced.

------------------------------------------------------------------------------------------------------------------------

[2022-03-12 22:08:23 #1 store] 
Database 'C:\Users\d\Desktop\betandruin22\db\Register.odb' is opened by 8440@Aker2302

[2022-03-12 22:08:23 #2 store] 
Configuration path: ?

[2022-03-12 22:08:23 #3 type] 
Type Users.User is not enhanced.

[2022-03-12 22:08:23 #4 store] 
Database 'C:\Users\d\Desktop\betandruin22\db\bets.temp' is opened by 8440@Aker2302

[2022-03-12 22:08:23 #5 store] 
Configuration path: ?

[2022-03-12 22:08:23 #6 type] 
Type domain.Question is not enhanced.

[2022-03-12 22:08:23 #7 type] 
Type domain.Event is not enhanced.

------------------------------------------------------------------------------------------------------------------------

[2022-03-12 22:09:22 #1 store] 
Database 'C:\Users\d\Desktop\betandruin22\db\Register.odb' is opened by 10732@Aker2302

[2022-03-12 22:09:22 #2 store] 
Configuration path: ?

[2022-03-12 22:09:22 #3 type] 
Type Users.User is not enhanced.

[2022-03-12 22:09:23 #4 store] 
Database 'C:\Users\d\Desktop\betandruin22\db\bets.temp' is opened by 10732@Aker2302

[2022-03-12 22:09:23 #5 store] 
Configuration path: ?

[2022-03-12 22:09:23 #6 type] 
Type domain.Question is not enhanced.

[2022-03-12 22:09:23 #7 type] 
Type domain.Event is not enhanced.

------------------------------------------------------------------------------------------------------------------------

[2022-03-12 22:10:27 #1 store] 
Database 'C:\Users\d\Desktop\betandruin22\db\Register.odb' is opened by 7364@Aker2302

[2022-03-12 22:10:27 #2 store] 
Configuration path: ?

[2022-03-12 22:10:27 #3 type] 
Type Users.User is not enhanced.

[2022-03-12 22:10:27 #4 store] 
Database 'C:\Users\d\Desktop\betandruin22\db\bets.temp' is opened by 7364@Aker2302

[2022-03-12 22:10:27 #5 store] 
Configuration path: ?

[2022-03-12 22:10:27 #6 type] 
Type domain.Question is not enhanced.

[2022-03-12 22:10:27 #7 type] 
Type domain.Event is not enhanced.

------------------------------------------------------------------------------------------------------------------------

[2022-03-12 22:11:07 #1 store] 
Database 'C:\Users\d\Desktop\betandruin22\db\Register.odb' is opened by 12520@Aker2302

[2022-03-12 22:11:07 #2 store] 
Configuration path: ?

[2022-03-12 22:11:07 #3 type] 
Type Users.User is not enhanced.

[2022-03-12 22:11:07 #4 store] 
Database 'C:\Users\d\Desktop\betandruin22\db\bets.temp' is opened by 12520@Aker2302

[2022-03-12 22:11:07 #5 store] 
Configuration path: ?

[2022-03-12 22:11:07 #6 type] 
Type domain.Question is not enhanced.

[2022-03-12 22:11:07 #7 type] 
Type domain.Event is not enhanced.

------------------------------------------------------------------------------------------------------------------------

[2022-03-12 22:12:09 #1 store] 
Database 'C:\Users\d\Desktop\betandruin22\db\Register.odb' is opened by 8704@Aker2302

[2022-03-12 22:12:09 #2 store] 
Configuration path: ?

[2022-03-12 22:12:09 #3 type] 
Type Users.User is not enhanced.

[2022-03-12 22:12:09 #4 store] 
Database 'C:\Users\d\Desktop\betandruin22\db\bets.temp' is opened by 8704@Aker2302

[2022-03-12 22:12:09 #5 store] 
Configuration path: ?

[2022-03-12 22:12:09 #6 type] 
Type domain.Question is not enhanced.

[2022-03-12 22:12:09 #7 type] 
Type domain.Event is not enhanced.

------------------------------------------------------------------------------------------------------------------------

[2022-03-12 22:14:31 #1 store] 
Database 'C:\Users\d\Desktop\betandruin22\db\Register.odb' is opened by 10156@Aker2302

[2022-03-12 22:14:31 #2 store] 
Configuration path: ?

[2022-03-12 22:14:31 #3 type] 
Type Users.User is not enhanced.

[2022-03-12 22:14:31 #4 store] 
Database 'C:\Users\d\Desktop\betandruin22\db\bets.temp' is opened by 10156@Aker2302

[2022-03-12 22:14:31 #5 store] 
Configuration path: ?

[2022-03-12 22:14:31 #6 type] 
Type domain.Question is not enhanced.

[2022-03-12 22:14:31 #7 type] 
Type domain.Event is not enhanced.

