------------------------------------------------------------------------------------------------------------------------

[2022-03-14 00:02:08 #1 store] 
Database 'C:\Users\hejba\Desktop\betandruin22\db\Register.odb' is opened by 20372@LAPTOP-9GAIOTJ7

[2022-03-14 00:02:08 #2 store] 
Configuration path: ?

[2022-03-14 00:02:08 #3 type] 
Type domain.Users is not enhanced.

[2022-03-14 00:02:08 #4 store] 
Database 'C:\Users\hejba\Desktop\betandruin22\db\bets.temp' is opened by 20372@LAPTOP-9GAIOTJ7

[2022-03-14 00:02:08 #5 store] 
Configuration path: ?

[2022-03-14 00:02:08 #6 type] 
Type domain.Question is not enhanced.

[2022-03-14 00:02:08 #7 type] 
Type domain.Event is not enhanced.

------------------------------------------------------------------------------------------------------------------------

[2022-03-14 00:02:53 #1 store] 
Database 'C:\Users\hejba\Desktop\betandruin22\db\Register.odb' is opened by 17280@LAPTOP-9GAIOTJ7

[2022-03-14 00:02:53 #2 store] 
Configuration path: ?

[2022-03-14 00:02:53 #3 type] 
Type domain.Users is not enhanced.

[2022-03-14 00:02:53 #4 store] 
Database 'C:\Users\hejba\Desktop\betandruin22\db\bets.temp' is opened by 17280@LAPTOP-9GAIOTJ7

[2022-03-14 00:02:53 #5 store] 
Configuration path: ?

[2022-03-14 00:02:53 #6 type] 
Type domain.Question is not enhanced.

[2022-03-14 00:02:53 #7 type] 
Type domain.Event is not enhanced.

------------------------------------------------------------------------------------------------------------------------

[2022-03-14 00:06:46 #1 store] 
Database 'C:\Users\hejba\Desktop\betandruin22\db\Register.odb' is opened by 25412@LAPTOP-9GAIOTJ7

[2022-03-14 00:06:46 #2 store] 
Configuration path: ?

[2022-03-14 00:06:46 #3 type] 
Type domain.Users is not enhanced.

[2022-03-14 00:06:47 #4 store] 
Database 'C:\Users\hejba\Desktop\betandruin22\db\bets.temp' is opened by 25412@LAPTOP-9GAIOTJ7

[2022-03-14 00:06:47 #5 store] 
Configuration path: ?

[2022-03-14 00:06:47 #6 type] 
Type domain.Question is not enhanced.

[2022-03-14 00:06:47 #7 type] 
Type domain.Event is not enhanced.

------------------------------------------------------------------------------------------------------------------------

[2022-03-14 00:08:55 #1 store] 
Database 'C:\Users\hejba\Desktop\betandruin22\db\Register.odb' is opened by 21480@LAPTOP-9GAIOTJ7

[2022-03-14 00:08:55 #2 store] 
Configuration path: ?

[2022-03-14 00:08:56 #3 type] 
Type domain.Users is not enhanced.

[2022-03-14 00:08:56 #4 store] 
Database 'C:\Users\hejba\Desktop\betandruin22\db\bets.temp' is opened by 21480@LAPTOP-9GAIOTJ7

[2022-03-14 00:08:56 #5 store] 
Configuration path: ?

[2022-03-14 00:08:56 #6 type] 
Type domain.Question is not enhanced.

[2022-03-14 00:08:56 #7 type] 
Type domain.Event is not enhanced.

------------------------------------------------------------------------------------------------------------------------

[2022-03-14 00:09:57 #1 store] 
Database 'C:\Users\hejba\Desktop\betandruin22\db\Register.odb' is opened by 21032@LAPTOP-9GAIOTJ7

[2022-03-14 00:09:57 #2 store] 
Configuration path: ?

[2022-03-14 00:09:57 #3 type] 
Type domain.Users is not enhanced.

[2022-03-14 00:09:57 #4 store] 
Database 'C:\Users\hejba\Desktop\betandruin22\db\bets.temp' is opened by 21032@LAPTOP-9GAIOTJ7

[2022-03-14 00:09:57 #5 store] 
Configuration path: ?

[2022-03-14 00:09:57 #6 type] 
Type domain.Question is not enhanced.

[2022-03-14 00:09:57 #7 type] 
Type domain.Event is not enhanced.

------------------------------------------------------------------------------------------------------------------------

[2022-03-14 00:11:34 #1 store] 
Database 'C:\Users\hejba\Desktop\betandruin22\db\Register.odb' is opened by 11320@LAPTOP-9GAIOTJ7

[2022-03-14 00:11:34 #2 store] 
Configuration path: ?

[2022-03-14 00:11:34 #3 type] 
Type domain.Users is not enhanced.

[2022-03-14 00:11:35 #4 store] 
Database 'C:\Users\hejba\Desktop\betandruin22\db\bets.temp' is opened by 11320@LAPTOP-9GAIOTJ7

[2022-03-14 00:11:35 #5 store] 
Configuration path: ?

[2022-03-14 00:11:35 #6 type] 
Type domain.Question is not enhanced.

[2022-03-14 00:11:35 #7 type] 
Type domain.Event is not enhanced.

------------------------------------------------------------------------------------------------------------------------

[2022-03-14 00:31:24 #1 store] 
Database 'C:\Users\hejba\Desktop\betandruin22\db\Register.odb' is opened by 23248@LAPTOP-9GAIOTJ7

[2022-03-14 00:31:24 #2 store] 
Configuration path: ?

[2022-03-14 00:31:24 #3 type] 
Type domain.Users is not enhanced.

[2022-03-14 00:31:24 #4 store] 
Database 'C:\Users\hejba\Desktop\betandruin22\db\bets.temp' is opened by 23248@LAPTOP-9GAIOTJ7

[2022-03-14 00:31:24 #5 store] 
Configuration path: ?

[2022-03-14 00:31:24 #6 type] 
Type domain.Question is not enhanced.

[2022-03-14 00:31:24 #7 type] 
Type domain.Event is not enhanced.

